This is the test file for the module 3-say_my_name.py

First importing the method from the module:
-------------------------------------------

>>> say_my_name = __import__('3-say_my_name').say_my_name

Testing correct input as arg
----------------------------

>>> say_my_name("Hadrien", "Tayac")
My name is Hadrien Tayac

Testing wrong type as argument
------------------------------

>>> say_my_name(1, 2)
Traceback (most recent call last):
  File "/home/iaskasan/holbertonschool-higher_level_programming-2/python-test_driven_development/3-say_my_name.py", line 12, in <module>
    say_my_name(1, 2)
  File "/home/iaskasan/holbertonschool-higher_level_programming-2/python-test_driven_development/3-say_my_name.py", line 7, in say_my_name
    raise TypeError("first_name must be a string")
TypeError: first_name must be a string

Testing one argument only
-------------------------

>>> say_my_name("Bob")
My name is Bob 

Testing no arg passed
---------------------

>>> say_my_name()
Traceback (most recent call last):
  File "/home/iaskasan/holbertonschool-higher_level_programming-2/python-test_driven_development/3-say_my_name.py", line 12, in <module>
    say_my_name()
TypeError: say_my_name() missing 1 required positional argument: 'first_name'

Testing First_name as a string and Last_name is non string
----------------------------------------------------------

>>> say_my_name("Walter", 5)
Traceback (most recent call last):
  File "/home/iaskasan/holbertonschool-higher_level_programming-2/python-test_driven_development/3-say_my_name.py", line 13, in <module>
    say_my_name("Walter", 5)
  File "/home/iaskasan/holbertonschool-higher_level_programming-2/python-test_driven_development/3-say_my_name.py", line 10, in say_my_name
    raise TypeError("last_name must be a string")
TypeError: last_name must be a string
