This is the test file for the module 4-print_square.py

First importing the method from the module:
-------------------------------------------

>>> print_square = __import__('4-print_square').print_square

Testing size as an integer
--------------------------

>>> print_square(5)
#####
#####
#####
#####
#####

Testing non int as argument
---------------------------

>>> print_square("b")
Traceback (most recent call last):
  File "/home/iaskasan/holbertonschool-higher_level_programming-2/python-test_driven_development/4-print_square.py", line 16, in <module>
    print_square("b")
  File "/home/iaskasan/holbertonschool-higher_level_programming-2/python-test_driven_development/4-print_square.py", line 8, in print_square
    raise TypeError("size must be an integer")
TypeError: size must be an integer

Testing float as argument
-------------------------

>>> print_square(3.14)
Traceback (most recent call last):
  File "/home/iaskasan/holbertonschool-higher_level_programming-2/python-test_driven_development/4-print_square.py", line 16, in <module>
    print_square(3.14)
  File "/home/iaskasan/holbertonschool-higher_level_programming-2/python-test_driven_development/4-print_square.py", line 8, in print_square
    raise TypeError("size must be an integer")
TypeError: size must be an integer

Testing negative size as argument
---------------------------------

>>> print_square(-5)
Traceback (most recent call last):
  File "/home/iaskasan/holbertonschool-higher_level_programming-2/python-test_driven_development/4-print_square.py", line 16, in <module>
    print_square(-5)
  File "/home/iaskasan/holbertonschool-higher_level_programming-2/python-test_driven_development/4-print_square.py", line 10, in print_square
    raise ValueError("size must be >= 0")
ValueError: size must be >= 0

Testing empty argument
----------------------

>>> print_square()
Traceback (most recent call last):
  File "/home/iaskasan/holbertonschool-higher_level_programming-2/python-test_driven_development/4-print_square.py", line 16, in <module>
    print_square()
TypeError: print_square() missing 1 required positional argument: 'size'
